

Microchip Technology PIC18 LITE Macro Assembler V1.36 build -262312587 
                                                                                               Sun Dec 25 12:12:12 2022

Microchip Technology Omniscient Code Generator v1.36 (Free mode) build 201601150325
     1                           	processor	18F452
     2                           	fnconf	rparam,??,?,0
     3                           	opt	pw 120
     4                           	opt	lm
     5                           	psect	cinit,global,reloc=2,class=CODE,delta=1
     6                           	psect	bssCOMRAM,global,class=COMRAM,space=1,delta=1
     7                           	psect	cstackCOMRAM,global,class=COMRAM,space=1,delta=1
     8                           	psect	text0,global,reloc=2,class=CODE,delta=1
     9                           	psect	intcode,global,reloc=2,class=CODE,delta=1
    10                           	psect	intsave_regs,global,class=BIGRAM,space=1,delta=1
    11                           	psect	rparam,global,class=COMRAM,space=1,delta=1
    12                           	psect	temp,global,ovrld,common,class=COMRAM,space=1,delta=1
    13  0000                     _ADCON1	set	4033
    14  0000                     _INTCONbits	set	4082
    15  0000                     _PORTA	set	3968
    16  0000                     _PORTB	set	3969
    17  0000                     _PORTD	set	3971
    18  0000                     _TMR0H	set	4055
    19  0000                     _TMR0L	set	4054
    20  0000                     _TRISA	set	3986
    21  0000                     _TRISB	set	3987
    22  0000                     _TRISD	set	3989
    23  0000                     _PEIE	set	32662
    24  0000                     _PSA	set	32427
    25  0000                     _T08BIT	set	32430
    26  0000                     _T0CS	set	32429
    27  0000                     _T0PS0	set	32424
    28  0000                     _T0PS1	set	32425
    29  0000                     _TMR0IE	set	32661
    30  0000                     _TMR0IF	set	32658
    31  0000                     _TMR0ON	set	32431
    32                           
    33                           ; #config settings
    34                           
    35                           	psect	cinit
    36  0000B8                     __pcinit:
    37                           	opt stack 0
    38  0000B8                     start_initialization:
    39                           	opt stack 0
    40  0000B8                     __initialization:
    41                           	opt stack 0
    42                           
    43                           ; Clear objects allocated to COMRAM (8 bytes)
    44  0000B8  EE00  F00F         	lfsr	0,__pbssCOMRAM
    45  0000BC  0E08               	movlw	8
    46  0000BE                     clear_0:
    47  0000BE  6AEE               	clrf	postinc0,c
    48  0000C0  06E8               	decf	wreg,f,c
    49  0000C2  E1FD               	bnz	clear_0
    50  0000C4                     end_of_initialization:
    51                           	opt stack 0
    52  0000C4                     __end_of__initialization:
    53                           	opt stack 0
    54  0000C4  9017               	bcf	int$flags,0,c	;clear compiler interrupt flag (level 1)
    55  0000C6  9217               	bcf	int$flags,1,c	;clear compiler interrupt flag (level 2)
    56  0000C8  0100               	movlb	0
    57  0000CA  EF4E  F000         	goto	_main	;jump to C main() function
    58                           postinc0	equ	0xFEE
    59                           wreg	equ	0xFE8
    60                           
    61                           	psect	bssCOMRAM
    62  00000F                     __pbssCOMRAM:
    63                           	opt stack 0
    64  00000F                     _count:
    65                           	opt stack 0
    66  00000F                     	ds	2
    67  000011                     _hours:
    68                           	opt stack 0
    69  000011                     	ds	2
    70  000013                     _minutes:
    71                           	opt stack 0
    72  000013                     	ds	2
    73  000015                     _seconds:
    74                           	opt stack 0
    75  000015                     	ds	2
    76                           postinc0	equ	0xFEE
    77                           wreg	equ	0xFE8
    78                           
    79                           	psect	cstackCOMRAM
    80  000001                     __pcstackCOMRAM:
    81                           	opt stack 0
    82  000001                     ??_timer0_isr:
    83                           
    84                           ; 1 bytes @ 0x0
    85  000001                     	ds	14
    86  00000F                     postinc0	equ	0xFEE
    87                           wreg	equ	0xFE8
    88                           
    89                           ; 1 bytes @ 0xE
    90 ;;
    91 ;;Main: autosize = 0, tempsize = 0, incstack = 0, save=0
    92 ;;
    93 ;; *************** function _main *****************
    94 ;; Defined at:
    95 ;;		line 19 in file "main.c"
    96 ;; Parameters:    Size  Location     Type
    97 ;;		None
    98 ;; Auto vars:     Size  Location     Type
    99 ;;		None
   100 ;; Return value:  Size  Location     Type
   101 ;;                  1    wreg      void 
   102 ;; Registers used:
   103 ;;		wreg, status,2, status,0
   104 ;; Tracked objects:
   105 ;;		On entry : 0/0
   106 ;;		On exit  : 0/0
   107 ;;		Unchanged: 0/0
   108 ;; Data sizes:     COMRAM   BANK0   BANK1   BANK2   BANK3   BANK4   BANK5
   109 ;;      Params:         0       0       0       0       0       0       0
   110 ;;      Locals:         0       0       0       0       0       0       0
   111 ;;      Temps:          0       0       0       0       0       0       0
   112 ;;      Totals:         0       0       0       0       0       0       0
   113 ;;Total ram usage:        0 bytes
   114 ;; Hardware stack levels required when called:    1
   115 ;; This function calls:
   116 ;;		Nothing
   117 ;; This function is called by:
   118 ;;		Startup code after reset
   119 ;; This function uses a non-reentrant model
   120 ;;
   121                           
   122                           	psect	text0
   123  00009C                     __ptext0:
   124                           	opt stack 0
   125  00009C                     _main:
   126                           	opt stack 30
   127                           
   128                           ;incstack = 0
   129  00009C  FFFF               	dw	65535
   130                           
   131                           ;main.c: 21: if(count == 10)
   132  00009E  0E0A               	movlw	10
   133  0000A0  180F               	xorwf	_count,w,c	;volatile
   134  0000A2  1010               	iorwf	_count+1,w,c	;volatile
   135  0000A4  A4D8               	btfss	status,2,c
   136  0000A6  EF4C  F000         	goto	start
   137                           
   138                           ;main.c: 22: {
   139                           ;main.c: 23: PORTB = ~PORTB;
   140  0000AA  1E81               	comf	3969,f,c	;volatile
   141                           
   142                           ;main.c: 24: count = 0;
   143  0000AC  0E00               	movlw	0
   144  0000AE  6E10               	movwf	_count+1,c	;volatile
   145  0000B0  0E00               	movlw	0
   146  0000B2  6E0F               	movwf	_count,c	;volatile
   147  0000B4  EF4C  F000         	goto	start
   148  0000B8                     __end_of_main:
   149                           	opt stack 0
   150                           postinc0	equ	0xFEE
   151                           wreg	equ	0xFE8
   152                           status	equ	0xFD8
   153                           
   154 ;; *************** function _timer0_isr *****************
   155 ;; Defined at:
   156 ;;		line 5 in file "timer0_ISR.c"
   157 ;; Parameters:    Size  Location     Type
   158 ;;		None
   159 ;; Auto vars:     Size  Location     Type
   160 ;;		None
   161 ;; Return value:  Size  Location     Type
   162 ;;                  1    wreg      void 
   163 ;; Registers used:
   164 ;;		wreg, status,2, status,0
   165 ;; Tracked objects:
   166 ;;		On entry : 0/0
   167 ;;		On exit  : 0/0
   168 ;;		Unchanged: 0/0
   169 ;; Data sizes:     COMRAM   BANK0   BANK1   BANK2   BANK3   BANK4   BANK5
   170 ;;      Params:         0       0       0       0       0       0       0
   171 ;;      Locals:         0       0       0       0       0       0       0
   172 ;;      Temps:         14       0       0       0       0       0       0
   173 ;;      Totals:        14       0       0       0       0       0       0
   174 ;;Total ram usage:       14 bytes
   175 ;; Hardware stack levels used:    1
   176 ;; This function calls:
   177 ;;		Nothing
   178 ;; This function is called by:
   179 ;;		Interrupt level 2
   180 ;; This function uses a non-reentrant model
   181 ;;
   182                           
   183                           	psect	intcode
   184  000008                     __pintcode:
   185                           	opt stack 0
   186  000008                     _timer0_isr:
   187                           	opt stack 0
   188  000008  FFFF               	dw	65535	; assembler added errata NOP
   189                           
   190                           ;incstack = 0
   191  00000A  8217               	bsf	btemp,1,c	;set compiler interrupt flag (level 2)
   192  00000C  FFFF               	dw	65535	; errata NOP
   193  00000E  CFFA F001          	movff	pclath,??_timer0_isr
   194  000012  CFFB F002          	movff	pclatu,??_timer0_isr+1
   195  000016  CFE9 F003          	movff	fsr0l,??_timer0_isr+2
   196  00001A  CFEA F004          	movff	fsr0h,??_timer0_isr+3
   197  00001E  CFE1 F005          	movff	fsr1l,??_timer0_isr+4
   198  000022  CFE2 F006          	movff	fsr1h,??_timer0_isr+5
   199  000026  CFD9 F007          	movff	fsr2l,??_timer0_isr+6
   200  00002A  CFDA F008          	movff	fsr2h,??_timer0_isr+7
   201  00002E  CFF3 F009          	movff	prodl,??_timer0_isr+8
   202  000032  CFF4 F00A          	movff	prodh,??_timer0_isr+9
   203  000036  CFF6 F00B          	movff	tblptrl,??_timer0_isr+10
   204  00003A  CFF7 F00C          	movff	tblptrh,??_timer0_isr+11
   205  00003E  CFF8 F00D          	movff	tblptru,??_timer0_isr+12
   206  000042  CFF5 F00E          	movff	tablat,??_timer0_isr+13
   207                           
   208                           ;timer0_ISR.c: 7: if (TMR0IF)
   209  000046  A4F2               	btfss	intcon,2,c	;volatile
   210  000048  D006               	goto	i2l74
   211                           
   212                           ;timer0_ISR.c: 8: {
   213                           ;timer0_ISR.c: 9: TMR0L = TMR0L | 0x0BDB | 0x0002;
   214  00004A  50D6               	movf	4054,w,c	;volatile
   215  00004C  09DB               	iorlw	219
   216  00004E  6ED6               	movwf	4054,c	;volatile
   217                           
   218                           ;timer0_ISR.c: 10: count++;
   219  000050  4A0F               	infsnz	_count,f,c	;volatile
   220  000052  2A10               	incf	_count+1,f,c	;volatile
   221                           
   222                           ;timer0_ISR.c: 11: TMR0IF = 0;
   223  000054  94F2               	bcf	intcon,2,c	;volatile
   224  000056                     i2l74:
   225  000056  FFFF               	dw	65535	; assembler added errata NOP
   226  000058  C00E  FFF5         	movff	??_timer0_isr+13,tablat
   227  00005C  C00D  FFF8         	movff	??_timer0_isr+12,tblptru
   228  000060  C00C  FFF7         	movff	??_timer0_isr+11,tblptrh
   229  000064  C00B  FFF6         	movff	??_timer0_isr+10,tblptrl
   230  000068  C00A  FFF4         	movff	??_timer0_isr+9,prodh
   231  00006C  C009  FFF3         	movff	??_timer0_isr+8,prodl
   232  000070  C008  FFDA         	movff	??_timer0_isr+7,fsr2h
   233  000074  C007  FFD9         	movff	??_timer0_isr+6,fsr2l
   234  000078  C006  FFE2         	movff	??_timer0_isr+5,fsr1h
   235  00007C  C005  FFE1         	movff	??_timer0_isr+4,fsr1l
   236  000080  C004  FFEA         	movff	??_timer0_isr+3,fsr0h
   237  000084  C003  FFE9         	movff	??_timer0_isr+2,fsr0l
   238  000088  C002  FFFB         	movff	??_timer0_isr+1,pclatu
   239  00008C  C001  FFFA         	movff	??_timer0_isr,pclath
   240  000090  9217               	bcf	btemp,1,c	;clear compiler interrupt flag (level 2)
   241  000092  0011               	retfie		f
   242  000094  FFFF               	dw	65535	; errata NOP
   243  000096                     __end_of_timer0_isr:
   244                           	opt stack 0
   245  000096  FFFF               	dw	65535	; assembler added errata NOP
   246                           pclatu	equ	0xFFB
   247                           pclath	equ	0xFFA
   248                           tblptru	equ	0xFF8
   249                           tblptrh	equ	0xFF7
   250                           tblptrl	equ	0xFF6
   251                           tablat	equ	0xFF5
   252                           prodh	equ	0xFF4
   253                           prodl	equ	0xFF3
   254                           intcon	equ	0xFF2
   255                           postinc0	equ	0xFEE
   256                           fsr0h	equ	0xFEA
   257                           fsr0l	equ	0xFE9
   258                           wreg	equ	0xFE8
   259                           fsr1h	equ	0xFE2
   260                           fsr1l	equ	0xFE1
   261                           fsr2h	equ	0xFDA
   262                           fsr2l	equ	0xFD9
   263                           status	equ	0xFD8
   264                           pclatu	equ	0xFFB
   265                           pclath	equ	0xFFA
   266                           tblptru	equ	0xFF8
   267                           tblptrh	equ	0xFF7
   268                           tblptrl	equ	0xFF6
   269                           tablat	equ	0xFF5
   270                           prodh	equ	0xFF4
   271                           prodl	equ	0xFF3
   272                           intcon	equ	0xFF2
   273                           postinc0	equ	0xFEE
   274                           fsr0h	equ	0xFEA
   275                           fsr0l	equ	0xFE9
   276                           wreg	equ	0xFE8
   277                           fsr1h	equ	0xFE2
   278                           fsr1l	equ	0xFE1
   279                           fsr2h	equ	0xFDA
   280                           fsr2l	equ	0xFD9
   281                           status	equ	0xFD8
   282                           
   283                           	psect	rparam
   284  0000                     pclatu	equ	0xFFB
   285                           pclath	equ	0xFFA
   286                           tblptru	equ	0xFF8
   287                           tblptrh	equ	0xFF7
   288                           tblptrl	equ	0xFF6
   289                           tablat	equ	0xFF5
   290                           prodh	equ	0xFF4
   291                           prodl	equ	0xFF3
   292                           intcon	equ	0xFF2
   293                           postinc0	equ	0xFEE
   294                           fsr0h	equ	0xFEA
   295                           fsr0l	equ	0xFE9
   296                           wreg	equ	0xFE8
   297                           fsr1h	equ	0xFE2
   298                           fsr1l	equ	0xFE1
   299                           fsr2h	equ	0xFDA
   300                           fsr2l	equ	0xFD9
   301                           status	equ	0xFD8
   302                           
   303                           	psect	temp
   304  000017                     btemp:
   305                           	opt stack 0
   306  000017                     	ds	1
   307  0000                     int$flags	set	btemp
   308                           pclatu	equ	0xFFB
   309                           pclath	equ	0xFFA
   310                           tblptru	equ	0xFF8
   311                           tblptrh	equ	0xFF7
   312                           tblptrl	equ	0xFF6
   313                           tablat	equ	0xFF5
   314                           prodh	equ	0xFF4
   315                           prodl	equ	0xFF3
   316                           intcon	equ	0xFF2
   317                           postinc0	equ	0xFEE
   318                           fsr0h	equ	0xFEA
   319                           fsr0l	equ	0xFE9
   320                           wreg	equ	0xFE8
   321                           fsr1h	equ	0xFE2
   322                           fsr1l	equ	0xFE1
   323                           fsr2h	equ	0xFDA
   324                           fsr2l	equ	0xFD9
   325                           status	equ	0xFD8


Data Sizes:
    Strings     0
    Constant    0
    Data        0
    BSS         8
    Persistent  0
    Stack       0

Auto Spaces:
    Space          Size  Autos    Used
    COMRAM          126     14      22
    BANK0           128      0       0
    BANK1           256      0       0
    BANK2           256      0       0
    BANK3           256      0       0
    BANK4           256      0       0
    BANK5           256      0       0

Pointer List with Targets:

    None.

Critical Paths under _main in COMRAM

    None.

Critical Paths under _timer0_isr in COMRAM

    None.

Critical Paths under _main in BANK0

    None.

Critical Paths under _timer0_isr in BANK0

    None.

Critical Paths under _main in BANK1

    None.

Critical Paths under _timer0_isr in BANK1

    None.

Critical Paths under _main in BANK2

    None.

Critical Paths under _timer0_isr in BANK2

    None.

Critical Paths under _main in BANK3

    None.

Critical Paths under _timer0_isr in BANK3

    None.

Critical Paths under _main in BANK4

    None.

Critical Paths under _timer0_isr in BANK4

    None.

Critical Paths under _main in BANK5

    None.

Critical Paths under _timer0_isr in BANK5

    None.

Call Graph Tables:

 ---------------------------------------------------------------------------------
 (Depth) Function   	        Calls       Base Space   Used Autos Params    Refs
 ---------------------------------------------------------------------------------
 (0) _main                                                 0     0      0       0
 ---------------------------------------------------------------------------------
 Estimated maximum stack depth 0
 ---------------------------------------------------------------------------------
 (Depth) Function   	        Calls       Base Space   Used Autos Params    Refs
 ---------------------------------------------------------------------------------
 (1) _timer0_isr                                          14    14      0       0
                                              0 COMRAM    14    14      0
 ---------------------------------------------------------------------------------
 Estimated maximum stack depth 1
 ---------------------------------------------------------------------------------

 Call Graph Graphs:

 _main (ROOT)

 _timer0_isr (ROOT)

 Address spaces:
Name               Size   Autos  Total    Cost      Usage
BIGRAM             5FF      0       0      17        0.0%
EEDATA             100      0       0       0        0.0%
BITBANK5           100      0       0      16        0.0%
BANK5              100      0       0      14        0.0%
BITBANK4           100      0       0      12        0.0%
BANK4              100      0       0      13        0.0%
BITBANK3           100      0       0      10        0.0%
BANK3              100      0       0      11        0.0%
BITBANK2           100      0       0       8        0.0%
BANK2              100      0       0       9        0.0%
BITBANK1           100      0       0       6        0.0%
BANK1              100      0       0       7        0.0%
BITBANK0            80      0       0       4        0.0%
BANK0               80      0       0       5        0.0%
BITCOMRAM           7E      0       0       0        0.0%
COMRAM              7E      E      16       1       17.5%
BITSFR               0      0       0      40        0.0%
SFR                  0      0       0      40        0.0%
STACK                0      0       0       2        0.0%
NULL                 0      0       0       0        0.0%
ABS                  0      0      16      15        0.0%
DATA                 0      0      16       3        0.0%
CODE                 0      0       0       0        0.0%


Microchip Technology PIC18 Macro Assembler V1.36 build -262312587 
Symbol Table                                                                                   Sun Dec 25 12:12:12 2022

                        _PSA 007EAB                          wreg 000FE8                         _T0CS 007EAD  
                       _PEIE 007F96                         i2l74 0056                         _main 009C  
                       fsr0h 000FEA                         fsr1h 000FE2                         fsr0l 000FE9  
                       fsr2h 000FDA                         fsr1l 000FE1                         fsr2l 000FD9  
                       btemp 0017                         pclat 000FFA                         prodh 000FF4  
                       prodl 000FF3                         start 0098                 ___param_bank 000010  
                      ?_main 0001                        _T0PS0 007EA8                        _T0PS1 007EA9  
                      _TMR0H 000FD7                        _TMR0L 000FD6                        _PORTA 000F80  
                      _PORTB 000F81                        _PORTD 000F83                        _TRISA 000F92  
                      _TRISB 000F93                        _TRISD 000F95                        _count 000F  
                      _hours 0011                        tablat 000FF5                        status 000FD8  
            __initialization 00B8                 __end_of_main 00B8                       ??_main 000F  
              __activetblptr 000000                       _ADCON1 000FC1                       _T08BIT 007EAE  
                     _TMR0IE 007F95                       _TMR0IF 007F92                       _TMR0ON 007EAF  
                     clear_0 00BE                       tblptrh 000FF7                       tblptrl 000FF6  
                     tblptru 000FF8                   __accesstop 0080      __end_of__initialization 00C4  
              ___rparam_used 000001               __pcstackCOMRAM 0001                      __Hparam 0000  
                    __Lparam 0000                      __pcinit 00B8                      __ramtop 0600  
                    __ptext0 009C                      _minutes 0013                      _seconds 0015  
       end_of_initialization 00C4                   _timer0_isr 0008                      postinc0 000FEE  
        start_initialization 00B8                  ?_timer0_isr 0001                  __pbssCOMRAM 000F  
                  __pintcode 0008          __size_of_timer0_isr 008E                     __Hrparam 0000  
                   __Lrparam 0000                __size_of_main 001C                 ??_timer0_isr 0001  
                   int$flags 0017                   _INTCONbits 000FF2                     intlevel2 00CE  
         __end_of_timer0_isr 0096  
